[2015-09-30 09:12:17.536] [INFO] SocketServer - created nsp with b5d7ff2333894399fa8e
[2015-09-30 09:12:17.536] [INFO] SocketServer - created nsp with 5e294403681198e3ceed
[2015-09-30 09:12:17.536] [INFO] SocketServer - created nsp with a62186ccc1ea1574299c
[2015-09-30 09:12:17.536] [INFO] SocketServer - created nsp with 2d6a45bb0ed152d0b3e4
[2015-09-30 09:12:17.536] [INFO] SocketServer - created nsp with 1aae8eb1f7bf39e8e888
[2015-09-30 09:12:17.536] [INFO] SocketServer - created nsp with e74926a3c855e65b2864
[2015-09-30 09:12:17.536] [INFO] SocketServer - created nsp with 1579816cd33ac3a576c2
[2015-09-30 09:12:17.537] [INFO] SocketServer - created nsp with d948bd5079868d5fb734
[2015-09-30 09:12:17.537] [INFO] SocketServer - created nsp with b5901875b52dda931f29
[2015-09-30 09:12:17.537] [INFO] SocketServer - created nsp with b61b1d12532254afa05f
[2015-09-30 09:12:17.537] [INFO] SocketServer - created nsp with afffab44da4f02d24921
[2015-09-30 09:12:17.537] [INFO] SocketServer - created nsp with 952880581b0aa598ec60
[2015-09-30 09:12:17.537] [INFO] SocketServer - created nsp with 1afe3a50d6d874eef0cc
[2015-09-30 09:12:17.537] [INFO] SocketServer - created nsp with daa692a61bbf407c0e3c
[2015-09-30 09:12:17.537] [INFO] SocketServer - created nsp with 8d46cf0c519ef74c0d0f
[2015-09-30 09:12:17.537] [INFO] SocketServer - created nsp with 9bb34e0115840e5e54c4
[2015-09-30 09:12:17.537] [INFO] SocketServer - created nsp with 0f52dbf9d145eb82dc0f
[2015-09-30 09:12:17.537] [INFO] SocketServer - created nsp with a641e3ce113ef00a36cf
[2015-09-30 09:12:17.537] [INFO] SocketServer - created nsp with fe16ce6fd70a5fa97fdf
[2015-09-30 09:12:17.538] [INFO] SocketServer - created nsp with 8902c6179b7e842f40cd
[2015-09-30 09:12:17.538] [INFO] SocketServer - created nsp with 26980c2ae6057f50578a
[2015-09-30 09:12:17.538] [INFO] SocketServer - created nsp with fa3dff9e0663ace26fe1
[2015-09-30 09:12:17.538] [INFO] SocketServer - created nsp with 06eaf3200d821a4bcb9f
[2015-09-30 09:12:17.538] [INFO] SocketServer - created nsp with eea0fe26af975ad3f9ec
[2015-09-30 09:12:17.538] [INFO] SocketServer - created nsp with 2edda9d332cbe5db74e8
[2015-09-30 09:12:17.538] [INFO] SocketServer - created nsp with 3dc8e3bf4c29d0658311
[2015-09-30 09:12:17.539] [INFO] SocketServer - created nsp with e9f2e76c23ff3cfe1f1e
[2015-09-30 09:12:17.539] [INFO] SocketServer - created nsp with 0786f1ba5c5d308214f2
[2015-09-30 09:12:17.539] [INFO] SocketServer - created nsp with 28c56732a0f91e49adf7
[2015-09-30 09:12:17.539] [INFO] SocketServer - created nsp with 32a4f1db40bb0a25ebcc
[2015-09-30 09:12:17.539] [INFO] SocketServer - created nsp with 54e6a4d7f313ea7cb77b
[2015-09-30 09:12:17.539] [INFO] SocketServer - created nsp with b426c33b858f14a81d93
[2015-09-30 09:14:40.575] [INFO] SocketServer - User accepted without authentication User not authorized through passport. (User Property not found)
[2015-09-30 09:14:41.041] [INFO] SocketServer - created nsp with 2ffbc394f2ff476bc390
[2015-09-30 09:14:41.388] [INFO] SocketServer - User accepted without authentication User not authorized through passport. (User Property not found)
[2015-09-30 09:14:41.803] [DEBUG] SocketServer - somebody want to join 2ffbc394f2ff476bc390 with { agentID: '35449259' }
[2015-09-30 09:14:41.809] [INFO] SocketServer - path 2ffbc394f2ff476bc390 data { agentID: '35449259' } allowed true isGroup true
[2015-09-30 09:14:59.500] [INFO] SocketServer - User accepted without authentication User not authorized through passport. (User Property not found)
[2015-09-30 09:14:59.532] [INFO] SocketServer - created nsp with ce4d117e0f30da42bd20
[2015-09-30 09:14:59.551] [INFO] SocketServer - User accepted without authentication User not authorized through passport. (User Property not found)
[2015-09-30 09:14:59.576] [DEBUG] SocketServer - somebody want to join ce4d117e0f30da42bd20 with { agentID: '988770009' }
[2015-09-30 09:14:59.579] [INFO] SocketServer - path ce4d117e0f30da42bd20 data { agentID: '988770009' } allowed true isGroup true
[2015-09-30 09:15:26.697] [INFO] SocketServer - User accepted without authentication User not authorized through passport. (User Property not found)
[2015-09-30 09:15:26.725] [INFO] SocketServer - created nsp with 613f003f0bf5d55a24fe
[2015-09-30 09:15:26.741] [INFO] SocketServer - User accepted without authentication User not authorized through passport. (User Property not found)
[2015-09-30 09:15:26.764] [DEBUG] SocketServer - somebody want to join 613f003f0bf5d55a24fe with { agentID: '639053421' }
[2015-09-30 09:15:26.767] [INFO] SocketServer - path 613f003f0bf5d55a24fe data { agentID: '639053421' } allowed true isGroup true
[2015-09-30 09:16:06.044] [INFO] SocketServer - User accepted without authentication User not authorized through passport. (User Property not found)
[2015-09-30 09:16:06.074] [INFO] SocketServer - created nsp with a1f219c6e0a72d6862ec
[2015-09-30 09:16:06.094] [INFO] SocketServer - User accepted without authentication User not authorized through passport. (User Property not found)
[2015-09-30 09:16:06.117] [DEBUG] SocketServer - somebody want to join a1f219c6e0a72d6862ec with { agentID: '142882179' }
[2015-09-30 09:16:06.121] [INFO] SocketServer - path a1f219c6e0a72d6862ec data { agentID: '142882179' } allowed true isGroup true
[2015-09-30 09:18:20.795] [INFO] SocketServer - User accepted without authentication User not authorized through passport. (User Property not found)
[2015-09-30 09:18:20.826] [INFO] SocketServer - created nsp with a4e5ce0411965deb98dd
[2015-09-30 09:18:20.836] [INFO] SocketServer - User accepted without authentication User not authorized through passport. (User Property not found)
[2015-09-30 09:18:20.848] [DEBUG] SocketServer - somebody want to join a4e5ce0411965deb98dd with { agentID: '328195456' }
[2015-09-30 09:18:20.851] [INFO] SocketServer - path a4e5ce0411965deb98dd data { agentID: '328195456' } allowed true isGroup true
[2015-09-30 09:20:18.410] [INFO] SocketServer - User accepted without authentication User not authorized through passport. (User Property not found)
[2015-09-30 09:20:18.433] [INFO] SocketServer - created nsp with 455348b0114400cc30ff
[2015-09-30 09:20:18.444] [INFO] SocketServer - User accepted without authentication User not authorized through passport. (User Property not found)
[2015-09-30 09:20:18.451] [DEBUG] SocketServer - somebody want to join 455348b0114400cc30ff with { agentID: '8144878' }
[2015-09-30 09:20:18.453] [INFO] SocketServer - path 455348b0114400cc30ff data { agentID: '8144878' } allowed true isGroup true
[2015-09-30 09:20:47.878] [INFO] SocketServer - User accepted without authentication User not authorized through passport. (User Property not found)
[2015-09-30 09:20:47.904] [INFO] SocketServer - created nsp with 065ffd2f0c5604b12f42
[2015-09-30 09:20:47.911] [INFO] SocketServer - User accepted without authentication User not authorized through passport. (User Property not found)
[2015-09-30 09:20:47.921] [DEBUG] SocketServer - somebody want to join 065ffd2f0c5604b12f42 with { agentID: '160129968' }
[2015-09-30 09:20:47.925] [INFO] SocketServer - path 065ffd2f0c5604b12f42 data { agentID: '160129968' } allowed true isGroup true
[2015-09-30 10:18:53.182] [INFO] MediaScape - Got a SIGINIT - terminating
